<?xml version="1.0" encoding="UTF-8" standalone="no"?>
<!DOCTYPE log SYSTEM "logger.dtd">
<log>
<record>
  <date>2019-09-02T16:51:15.296-0300</date>
  <logger>FRANCICLAUDIO DANTAS DA SILVA</logger>
  <level>FINE</level>
  <message>File 118210343-FRANCICLAUDIO DANTAS DA SILVA.zip was received. It was sent by FRANCICLAUDIO DANTAS DA SILVA from IP 150.165.42.161 at 02-09-2019 16*51*15</message>
</record>
</log>
<?xml version="1.0" encoding="UTF-8" standalone="no"?>
<!DOCTYPE log SYSTEM "logger.dtd">
<log>
<record>
  <date>2019-09-02T16:52:00.789-0300</date>
  <logger>FRANCICLAUDIO DANTAS DA SILVA</logger>
  <level>FINE</level>
  <message>File 118210343-FRANCICLAUDIO DANTAS DA SILVA.zip was received. It was sent by FRANCICLAUDIO DANTAS DA SILVA from IP 150.165.42.161 at 02-09-2019 16*52*00</message>
</record>
</log>
<?xml version="1.0" encoding="UTF-8" standalone="no"?>
<!DOCTYPE log SYSTEM "logger.dtd">
<log>
<record>
  <date>2019-09-02T16:52:23.475-0300</date>
  <logger>FRANCICLAUDIO DANTAS DA SILVA</logger>
  <level>FINE</level>
  <message>File 118210343-FRANCICLAUDIO DANTAS DA SILVA.zip was received. It was sent by FRANCICLAUDIO DANTAS DA SILVA from IP 150.165.42.161 at 02-09-2019 16*52*23</message>
</record>
</log>
<?xml version="1.0" encoding="UTF-8" standalone="no"?>
<!DOCTYPE log SYSTEM "logger.dtd">
<log>
<record>
  <date>2019-09-02T16:55:04.683-0300</date>
  <logger>FRANCICLAUDIO DANTAS DA SILVA</logger>
  <level>FINE</level>
  <message>File 118210343-FRANCICLAUDIO DANTAS DA SILVA.zip was received. It was sent by FRANCICLAUDIO DANTAS DA SILVA from IP 150.165.42.161 at 02-09-2019 16*55*04</message>
</record>
</log>
<?xml version="1.0" encoding="UTF-8" standalone="no"?>
<!DOCTYPE log SYSTEM "logger.dtd">
<log>
<record>
  <date>2019-09-02T16:58:56.787-0300</date>
  <logger>FRANCICLAUDIO DANTAS DA SILVA</logger>
  <level>FINE</level>
  <message>File 118210343-FRANCICLAUDIO DANTAS DA SILVA.zip was received. It was sent by FRANCICLAUDIO DANTAS DA SILVA from IP 150.165.42.161 at 02-09-2019 16*58*56</message>
</record>
</log>
<?xml version="1.0" encoding="UTF-8" standalone="no"?>
<!DOCTYPE log SYSTEM "logger.dtd">
<log>
<record>
  <date>2019-09-02T17:04:30.295-0300</date>
  <logger>FRANCICLAUDIO DANTAS DA SILVA</logger>
  <level>FINE</level>
  <message>File 118210343-FRANCICLAUDIO DANTAS DA SILVA.zip was received. It was sent by FRANCICLAUDIO DANTAS DA SILVA from IP 150.165.42.161 at 02-09-2019 17*04*30</message>
</record>
</log>
<?xml version="1.0" encoding="UTF-8" standalone="no"?>
<!DOCTYPE log SYSTEM "logger.dtd">
<log>
<record>
  <date>2019-09-02T17:08:34.840-0300</date>
  <logger>FRANCICLAUDIO DANTAS DA SILVA</logger>
  <level>FINE</level>
  <message>File 118210343-FRANCICLAUDIO DANTAS DA SILVA.zip was received. It was sent by FRANCICLAUDIO DANTAS DA SILVA from IP 150.165.42.161 at 02-09-2019 17*08*34</message>
</record>
</log>
<?xml version="1.0" encoding="UTF-8" standalone="no"?>
<!DOCTYPE log SYSTEM "logger.dtd">
<log>
<record>
  <date>2019-09-02T17:15:01.535-0300</date>
  <logger>FRANCICLAUDIO DANTAS DA SILVA</logger>
  <level>FINE</level>
  <message>File 118210343-FRANCICLAUDIO DANTAS DA SILVA.zip was received. It was sent by FRANCICLAUDIO DANTAS DA SILVA from IP 150.165.42.161 at 02-09-2019 17*15*01</message>
</record>
</log>
<?xml version="1.0" encoding="UTF-8" standalone="no"?>
<!DOCTYPE log SYSTEM "logger.dtd">
<log>
<record>
  <date>2019-09-02T17:15:44.977-0300</date>
  <logger>FRANCICLAUDIO DANTAS DA SILVA</logger>
  <level>FINE</level>
  <message>File 118210343-FRANCICLAUDIO DANTAS DA SILVA.zip was received. It was sent by FRANCICLAUDIO DANTAS DA SILVA from IP 150.165.42.161 at 02-09-2019 17*15*44</message>
</record>
</log>
<?xml version="1.0" encoding="UTF-8" standalone="no"?>
<!DOCTYPE log SYSTEM "logger.dtd">
<log>
<record>
  <date>2019-09-02T22:21:09.662-0300</date>
  <logger>FRANCICLAUDIO DANTAS DA SILVA</logger>
  <level>FINE</level>
  <message>File 118210343-FRANCICLAUDIO DANTAS DA SILVA.zip was received. It was sent by FRANCICLAUDIO DANTAS DA SILVA from IP 192.168.0.104 at 02-09-2019 22*21*09</message>
</record>
</log>
<?xml version="1.0" encoding="UTF-8" standalone="no"?>
<!DOCTYPE log SYSTEM "logger.dtd">
<log>
<record>
  <date>2019-09-03T08:44:32.979-0300</date>
  <logger>FRANCICLAUDIO DANTAS DA SILVA</logger>
  <level>FINE</level>
  <message>File 118210343-FRANCICLAUDIO DANTAS DA SILVA.zip was received. It was sent by FRANCICLAUDIO DANTAS DA SILVA from IP 192.168.0.104 at 03-09-2019 08*44*32</message>
</record>
